Arzan/app/build/intermediates/manifest_merge_blame_file/release/manifest-merger-blame-release-report.txt
1<?xml version="1.0" encoding="utf-8"?>
2<manifest xmlns:android="http://schemas.android.com/apk/res/android"
3    package="afisha.arzan.tm"
4    android:versionCode="9"
5    android:versionName="1.0.7" >
6
7    <uses-sdk
8        android:minSdkVersion="19"
8-->src\main\AndroidManifest.xml
9        android:targetSdkVersion="31" />
9-->src\main\AndroidManifest.xml
10
11    <uses-permission android:name="android.permission.INTERNET" />
11-->src\main\AndroidManifest.xml:6:5-67
11-->src\main\AndroidManifest.xml:6:22-64
12    <uses-permission android:name="android.permission.READ_PHONE_STATE" />
12-->src\main\AndroidManifest.xml:7:5-75
12-->src\main\AndroidManifest.xml:7:22-72
13    <uses-permission android:name="android.permission.CALL_PHONE" />
13-->src\main\AndroidManifest.xml:8:5-69
13-->src\main\AndroidManifest.xml:8:22-66
14    <uses-permission android:name="android.permission.CAMERA" />
14-->src\main\AndroidManifest.xml:9:5-65
14-->src\main\AndroidManifest.xml:9:22-62
15    <uses-permission android:name="android.permission.READ_EXTERNAL_STORAGE" />
15-->src\main\AndroidManifest.xml:10:5-80
15-->src\main\AndroidManifest.xml:10:22-77
16    <uses-permission android:name="android.permission.ACCESS_NETWORK_STATE" />
16-->src\main\AndroidManifest.xml:11:5-79
16-->src\main\AndroidManifest.xml:11:22-76
17    <uses-permission android:name="android.permission.ACCESS_COARSE_LOCATION" />
17-->src\main\AndroidManifest.xml:15:5-81
17-->src\main\AndroidManifest.xml:15:22-78
18    <uses-permission android:name="android.permission.WRITE_EXTERNAL_STORAGE" />
18-->[gun0912.ted:tedbottompicker:2.0.1] AndroidManifest.xml:11:5-81
18-->[gun0912.ted:tedbottompicker:2.0.1] AndroidManifest.xml:11:22-78
19    <uses-permission android:name="android.permission.WAKE_LOCK" /> <!-- Required by older versions of Google Play services to create IID tokens -->
19-->[com.google.firebase:firebase-messaging:23.0.0] AndroidManifest.xml:23:5-68
19-->[com.google.firebase:firebase-messaging:23.0.0] AndroidManifest.xml:23:22-65
20    <uses-permission android:name="com.google.android.c2dm.permission.RECEIVE" />
20-->[com.google.firebase:firebase-messaging:23.0.0] AndroidManifest.xml:25:5-82
20-->[com.google.firebase:firebase-messaging:23.0.0] AndroidManifest.xml:25:22-79
21    <uses-permission android:name="com.google.android.finsky.permission.BIND_GET_INSTALL_REFERRER_SERVICE" /> <!-- Permission will be merged into the manifest of the hosting app. -->
21-->[com.google.android.gms:play-services-measurement:20.0.0] AndroidManifest.xml:26:5-110
21-->[com.google.android.gms:play-services-measurement:20.0.0] AndroidManifest.xml:26:22-107
22    <!-- Is required to launch foreground extraction service for targetSdkVersion 28+. -->
23    <uses-permission android:name="android.permission.FOREGROUND_SERVICE" />
23-->[com.google.android.play:core:1.10.3] AndroidManifest.xml:13:5-77
23-->[com.google.android.play:core:1.10.3] AndroidManifest.xml:13:22-74
24
25    <application
25-->src\main\AndroidManifest.xml:17:5-120:19
26        android:name="afisha.arzan.tm.tm"
26-->src\main\AndroidManifest.xml:18:9-27
27        android:allowBackup="true"
27-->src\main\AndroidManifest.xml:19:9-35
28        android:appComponentFactory="androidx.core.app.CoreComponentFactory"
28-->[androidx.core:core:1.7.0] AndroidManifest.xml:24:18-86
29        android:icon="@mipmap/ic_launcher"
29-->src\main\AndroidManifest.xml:20:9-43
30        android:label="@string/app_name"
30-->src\main\AndroidManifest.xml:21:9-41
31        android:networkSecurityConfig="@xml/network_security_config"
31-->src\main\AndroidManifest.xml:22:9-69
32        android:requestLegacyExternalStorage="true"
32-->src\main\AndroidManifest.xml:23:9-52
33        android:roundIcon="@mipmap/ic_launcher_round"
33-->src\main\AndroidManifest.xml:24:9-54
34        android:supportsRtl="true"
34-->src\main\AndroidManifest.xml:25:9-35
35        android:theme="@style/Theme.Arzan" >
35-->src\main\AndroidManifest.xml:26:9-43
36        <activity android:name="afisha.arzan.tm.activity.NotificationActvity" />
36-->src\main\AndroidManifest.xml:28:9-75
36-->src\main\AndroidManifest.xml:28:19-63
37        <activity
37-->src\main\AndroidManifest.xml:29:9-31:52
38            android:name="afisha.arzan.tm.activity.ProfileTravelActivity"
38-->src\main\AndroidManifest.xml:30:13-59
39            android:screenOrientation="portrait" />
39-->src\main\AndroidManifest.xml:31:13-49
40        <activity
40-->src\main\AndroidManifest.xml:32:9-34:52
41            android:name="afisha.arzan.tm.activity.OfficalsActivity"
41-->src\main\AndroidManifest.xml:33:13-54
42            android:screenOrientation="portrait" />
42-->src\main\AndroidManifest.xml:34:13-49
43        <activity
43-->src\main\AndroidManifest.xml:35:9-44:20
44            android:name="afisha.arzan.tm.activity.LinkPostActivtiy"
44-->src\main\AndroidManifest.xml:36:13-54
45            android:exported="true"
45-->src\main\AndroidManifest.xml:37:13-36
46            android:screenOrientation="portrait" >
46-->src\main\AndroidManifest.xml:38:13-49
47            <intent-filter>
47-->src\main\AndroidManifest.xml:39:13-43:29
48                <action android:name="afisha.arzan.tm.activity.LinkPostActivity" />
48-->src\main\AndroidManifest.xml:40:17-91
48-->src\main\AndroidManifest.xml:40:25-81
49
50                <category android:name="android.intent.category.DEFAULT" />
50-->src\main\AndroidManifest.xml:42:17-76
50-->src\main\AndroidManifest.xml:42:27-73
51            </intent-filter>
52        </activity>
53        <activity
53-->src\main\AndroidManifest.xml:45:9-47:52
54            android:name="afisha.arzan.tm.activity.RecommendedActivity"
54-->src\main\AndroidManifest.xml:46:13-57
55            android:screenOrientation="portrait" />
55-->src\main\AndroidManifest.xml:47:13-49
56        <activity
56-->src\main\AndroidManifest.xml:48:9-50:52
57            android:name="afisha.arzan.tm.activity.ForgetActivity"
57-->src\main\AndroidManifest.xml:49:13-52
58            android:screenOrientation="portrait" />
58-->src\main\AndroidManifest.xml:50:13-49
59        <activity
59-->src\main\AndroidManifest.xml:51:9-53:75
60            android:name="afisha.arzan.tm.activity.ImageViewActivity"
60-->src\main\AndroidManifest.xml:52:13-55
61            android:configChanges="orientation|screenSize|screenLayout" />
61-->src\main\AndroidManifest.xml:53:13-72
62        <activity
62-->src\main\AndroidManifest.xml:54:9-57:68
63            android:name="afisha.arzan.tm.activity.AddPostActivity"
63-->src\main\AndroidManifest.xml:55:13-53
64            android:screenOrientation="portrait"
64-->src\main\AndroidManifest.xml:56:13-49
65            android:windowSoftInputMode="stateVisible|adjustPan" />
65-->src\main\AndroidManifest.xml:57:13-65
66        <activity
66-->src\main\AndroidManifest.xml:58:9-61:68
67            android:name="afisha.arzan.tm.activity.EditPostActivity"
67-->src\main\AndroidManifest.xml:59:13-54
68            android:screenOrientation="portrait"
68-->src\main\AndroidManifest.xml:60:13-49
69            android:windowSoftInputMode="stateVisible|adjustPan" />
69-->src\main\AndroidManifest.xml:61:13-65
70        <activity
70-->src\main\AndroidManifest.xml:62:9-64:52
71            android:name="afisha.arzan.tm.activity.RegisterActivity"
71-->src\main\AndroidManifest.xml:63:13-54
72            android:screenOrientation="portrait" />
72-->src\main\AndroidManifest.xml:64:13-49
73        <activity
73-->src\main\AndroidManifest.xml:65:9-67:52
74            android:name="afisha.arzan.tm.activity.StatisticActivity"
74-->src\main\AndroidManifest.xml:66:13-55
75            android:screenOrientation="portrait" />
75-->src\main\AndroidManifest.xml:67:13-49
76        <activity
76-->src\main\AndroidManifest.xml:68:9-70:52
77            android:name="afisha.arzan.tm.activity.LoginActivity"
77-->src\main\AndroidManifest.xml:69:13-51
78            android:screenOrientation="portrait" />
78-->src\main\AndroidManifest.xml:70:13-49
79        <activity
79-->src\main\AndroidManifest.xml:71:9-73:52
80            android:name="afisha.arzan.tm.activity.PostDetailActivty"
80-->src\main\AndroidManifest.xml:72:13-55
81            android:screenOrientation="portrait" />
81-->src\main\AndroidManifest.xml:73:13-49
82        <activity
82-->src\main\AndroidManifest.xml:74:9-76:52
83            android:name="afisha.arzan.tm.activity.RegionActivity"
83-->src\main\AndroidManifest.xml:75:13-52
84            android:screenOrientation="portrait" />
84-->src\main\AndroidManifest.xml:76:13-49
85        <activity
85-->src\main\AndroidManifest.xml:77:9-86:20
86            android:name="afisha.arzan.tm.activity.StartActivity"
86-->src\main\AndroidManifest.xml:78:13-51
87            android:exported="true"
87-->src\main\AndroidManifest.xml:79:13-36
88            android:screenOrientation="portrait" >
88-->src\main\AndroidManifest.xml:80:13-49
89            <intent-filter>
89-->src\main\AndroidManifest.xml:81:13-85:29
90                <action android:name="android.intent.action.MAIN" />
90-->src\main\AndroidManifest.xml:82:17-69
90-->src\main\AndroidManifest.xml:82:25-66
91
92                <category android:name="android.intent.category.LAUNCHER" />
92-->src\main\AndroidManifest.xml:84:17-77
92-->src\main\AndroidManifest.xml:84:27-74
93            </intent-filter>
94        </activity>
95        <activity
95-->src\main\AndroidManifest.xml:87:9-90:52
96            android:name="afisha.arzan.tm.MainActivity"
96-->src\main\AndroidManifest.xml:88:13-41
97            android:exported="true"
97-->src\main\AndroidManifest.xml:89:13-36
98            android:screenOrientation="portrait" />
98-->src\main\AndroidManifest.xml:90:13-49
99
100        <service
100-->src\main\AndroidManifest.xml:92:9-98:19
101            android:name="afisha.arzan.tm.app.PushNotificationService"
101-->src\main\AndroidManifest.xml:93:13-56
102            android:exported="false" >
102-->src\main\AndroidManifest.xml:94:13-37
103            <intent-filter>
103-->src\main\AndroidManifest.xml:95:13-97:29
104                <action android:name="com.google.firebase.MESSAGING_EVENT" />
104-->src\main\AndroidManifest.xml:96:17-78
104-->src\main\AndroidManifest.xml:96:25-75
105            </intent-filter>
106        </service>
107
108        <receiver
108-->src\main\AndroidManifest.xml:100:9-106:20
109            android:name="afisha.arzan.tm.app.NotificationReceiver"
109-->src\main\AndroidManifest.xml:101:13-53
110            android:exported="true" >
110-->src\main\AndroidManifest.xml:102:13-36
111            <intent-filter>
111-->src\main\AndroidManifest.xml:103:13-105:29
112                <action android:name="afisha.arzan.tm.activity.LinkPostActivity" />
112-->src\main\AndroidManifest.xml:40:17-91
112-->src\main\AndroidManifest.xml:40:25-81
113            </intent-filter>
114        </receiver>
115
116        <meta-data
116-->src\main\AndroidManifest.xml:108:9-110:57
117            android:name="preloaded_fonts"
117-->src\main\AndroidManifest.xml:109:13-43
118            android:resource="@array/preloaded_fonts" />
118-->src\main\AndroidManifest.xml:110:13-54
119        <meta-data
119-->src\main\AndroidManifest.xml:111:9-113:54
120            android:name="com.google.firebase.messaging.default_notification_icon"
120-->src\main\AndroidManifest.xml:112:13-83
121            android:resource="@mipmap/ic_launcher" />
121-->src\main\AndroidManifest.xml:113:13-51
122        <meta-data
122-->src\main\AndroidManifest.xml:114:9-116:52
123            android:name="com.google.firebase.messaging.default_notification_color"
123-->src\main\AndroidManifest.xml:115:13-84
124            android:resource="@color/main_color" />
124-->src\main\AndroidManifest.xml:116:13-49
125        <meta-data
125-->src\main\AndroidManifest.xml:117:9-119:46
126            android:name="com.google.firebase.messaging.default_notification_channel_id"
126-->src\main\AndroidManifest.xml:118:13-89
127            android:value="defaultdsdasda" />
127-->src\main\AndroidManifest.xml:119:13-43
128
129        <provider
129-->[gun0912.ted:tedbottompicker:2.0.1] AndroidManifest.xml:14:9-22:20
130            android:name="androidx.core.content.FileProvider"
130-->[gun0912.ted:tedbottompicker:2.0.1] AndroidManifest.xml:15:13-62
131            android:authorities="afisha.arzan.tm.provider"
131-->[gun0912.ted:tedbottompicker:2.0.1] AndroidManifest.xml:16:13-60
132            android:exported="false"
132-->[gun0912.ted:tedbottompicker:2.0.1] AndroidManifest.xml:17:13-37
133            android:grantUriPermissions="true" >
133-->[gun0912.ted:tedbottompicker:2.0.1] AndroidManifest.xml:18:13-47
134            <meta-data
134-->[gun0912.ted:tedbottompicker:2.0.1] AndroidManifest.xml:19:13-21:58
135                android:name="android.support.FILE_PROVIDER_PATHS"
135-->[gun0912.ted:tedbottompicker:2.0.1] AndroidManifest.xml:20:17-67
136                android:resource="@xml/provider_paths" />
136-->[gun0912.ted:tedbottompicker:2.0.1] AndroidManifest.xml:21:17-55
137        </provider>
138
139        <activity
139-->[gun0912.ted:tedpermission:2.2.3] AndroidManifest.xml:10:9-14:67
140            android:name="com.gun0912.tedpermission.TedPermissionActivity"
140-->[gun0912.ted:tedpermission:2.2.3] AndroidManifest.xml:11:13-75
141            android:configChanges="mcc|mnc|locale|keyboard|keyboardHidden|screenLayout|fontScale|uiMode|orientation|screenSize|layoutDirection"
141-->[gun0912.ted:tedpermission:2.2.3] AndroidManifest.xml:12:13-144
142            android:screenOrientation="unspecified"
142-->[gun0912.ted:tedpermission:2.2.3] AndroidManifest.xml:13:13-52
143            android:theme="@style/Theme.Transparent.Permission" />
143-->[gun0912.ted:tedpermission:2.2.3] AndroidManifest.xml:14:13-64
144        <activity
144-->[gun0912.ted:tedonactivityresult:1.0.6] AndroidManifest.xml:10:9-14:75
145            android:name="com.gun0912.tedonactivityresult.ProxyActivity"
145-->[gun0912.ted:tedonactivityresult:1.0.6] AndroidManifest.xml:11:13-73
146            android:configChanges="mcc|mnc|locale|keyboard|keyboardHidden|screenLayout|fontScale|uiMode|orientation|screenSize|layoutDirection"
146-->[gun0912.ted:tedonactivityresult:1.0.6] AndroidManifest.xml:12:13-144
147            android:screenOrientation="unspecified"
147-->[gun0912.ted:tedonactivityresult:1.0.6] AndroidManifest.xml:13:13-52
148            android:theme="@style/android:Theme.Translucent.NoTitleBar" /> <!-- Yandex Mobile Metrica Analytics: common service -->
148-->[gun0912.ted:tedonactivityresult:1.0.6] AndroidManifest.xml:14:13-72
149        <service
149-->[com.yandex.android:mobmetricalib:4.1.1] AndroidManifest.xml:28:9-44:19
150            android:name="com.yandex.metrica.MetricaService"
150-->[com.yandex.android:mobmetricalib:4.1.1] AndroidManifest.xml:29:13-61
151            android:enabled="true"
151-->[com.yandex.android:mobmetricalib:4.1.1] AndroidManifest.xml:30:13-35
152            android:exported="false"
152-->[com.yandex.android:mobmetricalib:4.1.1] AndroidManifest.xml:31:13-37
153            android:process=":Metrica" >
153-->[com.yandex.android:mobmetricalib:4.1.1] AndroidManifest.xml:32:13-39
154            <intent-filter>
154-->[com.yandex.android:mobmetricalib:4.1.1] AndroidManifest.xml:33:13-39:29
155                <category android:name="android.intent.category.DEFAULT" />
155-->src\main\AndroidManifest.xml:42:17-76
155-->src\main\AndroidManifest.xml:42:27-73
156
157                <action android:name="com.yandex.metrica.IMetricaService" />
157-->[com.yandex.android:mobmetricalib:4.1.1] AndroidManifest.xml:36:17-77
157-->[com.yandex.android:mobmetricalib:4.1.1] AndroidManifest.xml:36:25-74
158
159                <data android:scheme="metrica" />
159-->[com.yandex.android:mobmetricalib:4.1.1] AndroidManifest.xml:38:17-50
159-->[com.yandex.android:mobmetricalib:4.1.1] AndroidManifest.xml:38:23-47
160            </intent-filter>
161
162            <meta-data
162-->[com.yandex.android:mobmetricalib:4.1.1] AndroidManifest.xml:41:13-43:39
163                android:name="metrica:api:level"
163-->[com.yandex.android:mobmetricalib:4.1.1] AndroidManifest.xml:42:17-49
164                android:value="100" />
164-->[com.yandex.android:mobmetricalib:4.1.1] AndroidManifest.xml:43:17-36
165        </service>
166        <service
166-->[com.yandex.android:mobmetricalib:4.1.1] AndroidManifest.xml:45:9-59:19
167            android:name="com.yandex.metrica.ConfigurationService"
167-->[com.yandex.android:mobmetricalib:4.1.1] AndroidManifest.xml:46:13-67
168            android:enabled="true"
168-->[com.yandex.android:mobmetricalib:4.1.1] AndroidManifest.xml:47:13-35
169            android:exported="false"
169-->[com.yandex.android:mobmetricalib:4.1.1] AndroidManifest.xml:48:13-37
170            android:process=":Metrica" >
170-->[com.yandex.android:mobmetricalib:4.1.1] AndroidManifest.xml:49:13-39
171            <meta-data
171-->[com.yandex.android:mobmetricalib:4.1.1] AndroidManifest.xml:50:13-52:37
172                android:name="metrica:configuration:api:level"
172-->[com.yandex.android:mobmetricalib:4.1.1] AndroidManifest.xml:51:17-63
173                android:value="3" />
173-->[com.yandex.android:mobmetricalib:4.1.1] AndroidManifest.xml:52:17-34
174
175            <intent-filter>
175-->[com.yandex.android:mobmetricalib:4.1.1] AndroidManifest.xml:54:13-58:29
176
177                <!-- <action android:name="com.yandex.metrica.configuration.ACTION_START"/> -->
178                <action android:name="com.yandex.metrica.configuration.ACTION_INIT" />
178-->[com.yandex.android:mobmetricalib:4.1.1] AndroidManifest.xml:57:17-87
178-->[com.yandex.android:mobmetricalib:4.1.1] AndroidManifest.xml:57:25-84
179            </intent-filter>
180        </service>
181        <service
181-->[com.yandex.android:mobmetricalib:4.1.1] AndroidManifest.xml:60:9-66:19
182            android:name="com.yandex.metrica.ConfigurationJobService"
182-->[com.yandex.android:mobmetricalib:4.1.1] AndroidManifest.xml:61:13-70
183            android:enabled="true"
183-->[com.yandex.android:mobmetricalib:4.1.1] AndroidManifest.xml:62:13-35
184            android:exported="false"
184-->[com.yandex.android:mobmetricalib:4.1.1] AndroidManifest.xml:63:13-37
185            android:permission="android.permission.BIND_JOB_SERVICE"
185-->[com.yandex.android:mobmetricalib:4.1.1] AndroidManifest.xml:64:13-69
186            android:process=":Metrica" >
186-->[com.yandex.android:mobmetricalib:4.1.1] AndroidManifest.xml:65:13-39
187        </service>
188
189        <receiver
189-->[com.google.firebase:firebase-messaging:23.0.0] AndroidManifest.xml:28:9-35:20
190            android:name="com.google.firebase.iid.FirebaseInstanceIdReceiver"
190-->[com.google.firebase:firebase-messaging:23.0.0] AndroidManifest.xml:29:13-78
191            android:exported="true"
191-->[com.google.firebase:firebase-messaging:23.0.0] AndroidManifest.xml:30:13-36
192            android:permission="com.google.android.c2dm.permission.SEND" >
192-->[com.google.firebase:firebase-messaging:23.0.0] AndroidManifest.xml:31:13-73
193            <intent-filter>
193-->[com.google.firebase:firebase-messaging:23.0.0] AndroidManifest.xml:32:13-34:29
194                <action android:name="com.google.android.c2dm.intent.RECEIVE" />
194-->[com.google.firebase:firebase-messaging:23.0.0] AndroidManifest.xml:33:17-81
194-->[com.google.firebase:firebase-messaging:23.0.0] AndroidManifest.xml:33:25-78
195            </intent-filter>
196        </receiver>
197        <!--
198             FirebaseMessagingService performs security checks at runtime,
199             but set to not exported to explicitly avoid allowing another app to call it.
200        -->
201        <service
201-->[com.google.firebase:firebase-messaging:23.0.0] AndroidManifest.xml:41:9-48:19
202            android:name="com.google.firebase.messaging.FirebaseMessagingService"
202-->[com.google.firebase:firebase-messaging:23.0.0] AndroidManifest.xml:42:13-82
203            android:directBootAware="true"
203-->[com.google.firebase:firebase-messaging:23.0.0] AndroidManifest.xml:43:13-43
204            android:exported="false" >
204-->[com.google.firebase:firebase-messaging:23.0.0] AndroidManifest.xml:44:13-37
205            <intent-filter android:priority="-500" >
205-->src\main\AndroidManifest.xml:95:13-97:29
206                <action android:name="com.google.firebase.MESSAGING_EVENT" />
206-->src\main\AndroidManifest.xml:96:17-78
206-->src\main\AndroidManifest.xml:96:25-75
207            </intent-filter>
208        </service>
209        <service
209-->[com.google.firebase:firebase-messaging:23.0.0] AndroidManifest.xml:49:9-55:19
210            android:name="com.google.firebase.components.ComponentDiscoveryService"
210-->[com.google.firebase:firebase-messaging:23.0.0] AndroidManifest.xml:50:13-84
211            android:directBootAware="true"
211-->[com.google.firebase:firebase-common:20.0.0] AndroidManifest.xml:35:13-43
212            android:exported="false" >
212-->[com.google.firebase:firebase-messaging:23.0.0] AndroidManifest.xml:51:13-37
213            <meta-data
213-->[com.google.firebase:firebase-messaging:23.0.0] AndroidManifest.xml:52:13-54:85
214                android:name="com.google.firebase.components:com.google.firebase.messaging.FirebaseMessagingRegistrar"
214-->[com.google.firebase:firebase-messaging:23.0.0] AndroidManifest.xml:53:17-119
215                android:value="com.google.firebase.components.ComponentRegistrar" />
215-->[com.google.firebase:firebase-messaging:23.0.0] AndroidManifest.xml:54:17-82
216            <meta-data
216-->[com.google.android.gms:play-services-measurement-api:20.0.0] AndroidManifest.xml:30:13-32:85
217                android:name="com.google.firebase.components:com.google.firebase.analytics.connector.internal.AnalyticsConnectorRegistrar"
217-->[com.google.android.gms:play-services-measurement-api:20.0.0] AndroidManifest.xml:31:17-139
218                android:value="com.google.firebase.components.ComponentRegistrar" />
218-->[com.google.android.gms:play-services-measurement-api:20.0.0] AndroidManifest.xml:32:17-82
219            <meta-data
219-->[com.google.firebase:firebase-datatransport:18.0.0] AndroidManifest.xml:28:13-30:85
220                android:name="com.google.firebase.components:com.google.firebase.datatransport.TransportRegistrar"
220-->[com.google.firebase:firebase-datatransport:18.0.0] AndroidManifest.xml:29:17-115
221                android:value="com.google.firebase.components.ComponentRegistrar" />
221-->[com.google.firebase:firebase-datatransport:18.0.0] AndroidManifest.xml:30:17-82
222            <meta-data
222-->[com.google.firebase:firebase-installations:17.0.0] AndroidManifest.xml:18:13-20:85
223                android:name="com.google.firebase.components:com.google.firebase.installations.FirebaseInstallationsRegistrar"
223-->[com.google.firebase:firebase-installations:17.0.0] AndroidManifest.xml:19:17-127
224                android:value="com.google.firebase.components.ComponentRegistrar" />
224-->[com.google.firebase:firebase-installations:17.0.0] AndroidManifest.xml:20:17-82
225        </service>
226
227        <receiver
227-->[com.google.android.gms:play-services-measurement:20.0.0] AndroidManifest.xml:29:9-33:20
228            android:name="com.google.android.gms.measurement.AppMeasurementReceiver"
228-->[com.google.android.gms:play-services-measurement:20.0.0] AndroidManifest.xml:30:13-85
229            android:enabled="true"
229-->[com.google.android.gms:play-services-measurement:20.0.0] AndroidManifest.xml:31:13-35
230            android:exported="false" >
230-->[com.google.android.gms:play-services-measurement:20.0.0] AndroidManifest.xml:32:13-37
231        </receiver>
232
233        <service
233-->[com.google.android.gms:play-services-measurement:20.0.0] AndroidManifest.xml:35:9-38:40
234            android:name="com.google.android.gms.measurement.AppMeasurementService"
234-->[com.google.android.gms:play-services-measurement:20.0.0] AndroidManifest.xml:36:13-84
235            android:enabled="true"
235-->[com.google.android.gms:play-services-measurement:20.0.0] AndroidManifest.xml:37:13-35
236            android:exported="false" />
236-->[com.google.android.gms:play-services-measurement:20.0.0] AndroidManifest.xml:38:13-37
237        <service
237-->[com.google.android.gms:play-services-measurement:20.0.0] AndroidManifest.xml:39:9-43:72
238            android:name="com.google.android.gms.measurement.AppMeasurementJobService"
238-->[com.google.android.gms:play-services-measurement:20.0.0] AndroidManifest.xml:40:13-87
239            android:enabled="true"
239-->[com.google.android.gms:play-services-measurement:20.0.0] AndroidManifest.xml:41:13-35
240            android:exported="false"
240-->[com.google.android.gms:play-services-measurement:20.0.0] AndroidManifest.xml:42:13-37
241            android:permission="android.permission.BIND_JOB_SERVICE" />
241-->[com.google.android.gms:play-services-measurement:20.0.0] AndroidManifest.xml:43:13-69
242
243        <provider
243-->[com.google.firebase:firebase-common:20.0.0] AndroidManifest.xml:26:9-31:39
244            android:name="com.google.firebase.provider.FirebaseInitProvider"
244-->[com.google.firebase:firebase-common:20.0.0] AndroidManifest.xml:27:13-77
245            android:authorities="afisha.arzan.tm.firebaseinitprovider"
245-->[com.google.firebase:firebase-common:20.0.0] AndroidManifest.xml:28:13-72
246            android:directBootAware="true"
246-->[com.google.firebase:firebase-common:20.0.0] AndroidManifest.xml:29:13-43
247            android:exported="false"
247-->[com.google.firebase:firebase-common:20.0.0] AndroidManifest.xml:30:13-37
248            android:initOrder="100" />
248-->[com.google.firebase:firebase-common:20.0.0] AndroidManifest.xml:31:13-36
249
250        <activity
250-->[com.google.android.gms:play-services-base:17.6.0] AndroidManifest.xml:23:9-26:75
251            android:name="com.google.android.gms.common.api.GoogleApiActivity"
251-->[com.google.android.gms:play-services-base:17.6.0] AndroidManifest.xml:24:13-79
252            android:exported="false"
252-->[com.google.android.gms:play-services-base:17.6.0] AndroidManifest.xml:25:13-37
253            android:theme="@android:style/Theme.Translucent.NoTitleBar" />
253-->[com.google.android.gms:play-services-base:17.6.0] AndroidManifest.xml:26:13-72
254
255        <meta-data
255-->[com.google.android.gms:play-services-basement:17.6.0] AndroidManifest.xml:23:9-25:69
256            android:name="com.google.android.gms.version"
256-->[com.google.android.gms:play-services-basement:17.6.0] AndroidManifest.xml:24:13-58
257            android:value="@integer/google_play_services_version" />
257-->[com.google.android.gms:play-services-basement:17.6.0] AndroidManifest.xml:25:13-66
258
259        <provider
259-->[com.squareup.picasso:picasso:2.71828] AndroidManifest.xml:8:9-11:40
260            android:name="com.squareup.picasso.PicassoProvider"
260-->[com.squareup.picasso:picasso:2.71828] AndroidManifest.xml:9:13-64
261            android:authorities="afisha.arzan.tm.com.squareup.picasso"
261-->[com.squareup.picasso:picasso:2.71828] AndroidManifest.xml:10:13-72
262            android:exported="false" /> <!-- The activities will be merged into the manifest of the hosting app. -->
262-->[com.squareup.picasso:picasso:2.71828] AndroidManifest.xml:11:13-37
263        <activity
263-->[com.google.android.play:core:1.10.3] AndroidManifest.xml:18:9-24:45
264            android:name="com.google.android.play.core.missingsplits.PlayCoreMissingSplitsActivity"
264-->[com.google.android.play:core:1.10.3] AndroidManifest.xml:19:13-100
265            android:enabled="false"
265-->[com.google.android.play:core:1.10.3] AndroidManifest.xml:20:13-36
266            android:exported="false"
266-->[com.google.android.play:core:1.10.3] AndroidManifest.xml:21:13-37
267            android:launchMode="singleInstance"
267-->[com.google.android.play:core:1.10.3] AndroidManifest.xml:22:13-48
268            android:process=":playcore_missing_splits_activity"
268-->[com.google.android.play:core:1.10.3] AndroidManifest.xml:23:13-64
269            android:stateNotNeeded="true" />
269-->[com.google.android.play:core:1.10.3] AndroidManifest.xml:24:13-42
270        <activity
270-->[com.google.android.play:core:1.10.3] AndroidManifest.xml:25:9-29:65
271            android:name="com.google.android.play.core.common.PlayCoreDialogWrapperActivity"
271-->[com.google.android.play:core:1.10.3] AndroidManifest.xml:26:13-93
272            android:exported="false"
272-->[com.google.android.play:core:1.10.3] AndroidManifest.xml:27:13-37
273            android:stateNotNeeded="true"
273-->[com.google.android.play:core:1.10.3] AndroidManifest.xml:28:13-42
274            android:theme="@style/Theme.PlayCore.Transparent" /> <!-- The services will be merged into the manifest of the hosting app. -->
274-->[com.google.android.play:core:1.10.3] AndroidManifest.xml:29:13-62
275        <service
275-->[com.google.android.play:core:1.10.3] AndroidManifest.xml:32:9-39:19
276            android:name="com.google.android.play.core.assetpacks.AssetPackExtractionService"
276-->[com.google.android.play:core:1.10.3] AndroidManifest.xml:33:13-94
277            android:enabled="false"
277-->[com.google.android.play:core:1.10.3] AndroidManifest.xml:34:13-36
278            android:exported="true" >
278-->[com.google.android.play:core:1.10.3] AndroidManifest.xml:35:13-36
279            <meta-data
279-->[com.google.android.play:core:1.10.3] AndroidManifest.xml:36:13-38:41
280                android:name="com.google.android.play.core.assetpacks.versionCode"
280-->[com.google.android.play:core:1.10.3] AndroidManifest.xml:37:17-83
281                android:value="11003" />
281-->[com.google.android.play:core:1.10.3] AndroidManifest.xml:38:17-38
282        </service>
283        <service
283-->[com.google.android.play:core:1.10.3] AndroidManifest.xml:40:9-43:40